SF:../sysdeps/x86_64/crti.S
DA:64,0
DA:66,0
DA:68,0
DA:69,0
DA:70,0
DA:71,0
DA:83,0
DA:84,0
end_of_record
SF:../sysdeps/x86_64/crtn.S
DA:40,0
DA:41,0
DA:44,0
DA:45,0
end_of_record
SF:../sysdeps/x86_64/start.S
DA:57,0
DA:62,0
DA:78,0
DA:84,0
DA:87,0
DA:89,0
DA:92,0
DA:96,0
DA:99,0
DA:100,0
DA:103,0
DA:115,0
DA:117,0
end_of_record
SF:/home/abuild/rpmbuild/BUILD/glibc-2.41-build/glibc-2.41/csu/static-reloc.c
DA:24,0
DA:25,0
end_of_record
SF:/home/andrea/projects/binarycoverage/dynamorio/test_program.c
DA:6,0
DA:7,0
DA:8,0
DA:10,0
DA:11,0
DA:12,0
DA:14,0
DA:15,0
DA:17,0
DA:18,0
DA:19,0
DA:21,0
DA:22,0
DA:23,0
DA:24,0
DA:26,0
DA:30,0
DA:31,0
DA:32,0
end_of_record
